<?xml version="1.0" encoding="UTF-8"?>
<!-- Generated by org.testng.reporters.JUnitReportReporter -->
<testsuite hostname="LAPTOP-BUA2IBR3" failures="0" tests="1" name="SeleniumProject.SeleniumProject.MavenTest1" time="26.621" errors="0" timestamp="2023-08-13T20:56:43 IST" skipped="0">
  <testcase classname="SeleniumProject.SeleniumProject.MavenTest1" name="test" time="26.621"/>
  <system-out/>
</testsuite> <!-- SeleniumProject.SeleniumProject.MavenTest1 -->
