<?xml version="1.0" encoding="UTF-8"?>
<!-- Generated by org.testng.reporters.JUnitReportReporter -->
<testsuite hostname="LAPTOP-BUA2IBR3" failures="0" tests="1" name="SeleniumProject.SeleniumProject.AppTest" time="0.029" errors="0" timestamp="2023-08-10T17:34:38 IST" skipped="0">
  <testcase classname="SeleniumProject.SeleniumProject.AppTest" name="testApp" time="0.029"/>
  <system-out/>
</testsuite> <!-- SeleniumProject.SeleniumProject.AppTest -->
